[16-Aug-2024 08:17:44 UTC] PHP Warning:  Attempt to read property "title" on null in /Users/apple/Local Sites/samurai-sample/app/public/wp-includes/class-wp-customize-widgets.php on line 905
[16-Aug-2024 08:17:55 UTC] PHP Warning:  Attempt to read property "title" on null in /Users/apple/Local Sites/samurai-sample/app/public/wp-includes/class-wp-customize-widgets.php on line 905
[04-Oct-2024 03:46:20 UTC] PHP Warning:  Undefined array key "mediaAlign_left" in /Users/apple/Local Sites/samurai-sample/app/public/wp-content/plugins/vk-all-in-one-expansion-unit/inc/other-widget/widget-profile.php on line 188
[04-Oct-2024 03:46:20 UTC] PHP Warning:  Undefined array key "mediaRound" in /Users/apple/Local Sites/samurai-sample/app/public/wp-content/plugins/vk-all-in-one-expansion-unit/inc/other-widget/widget-profile.php on line 190
[04-Oct-2024 03:46:20 UTC] PHP Warning:  Undefined array key "mediaFloat" in /Users/apple/Local Sites/samurai-sample/app/public/wp-content/plugins/vk-all-in-one-expansion-unit/inc/other-widget/widget-profile.php on line 192
[04-Oct-2024 03:46:56 UTC] PHP Warning:  Undefined array key "mediaAlign_left" in /Users/apple/Local Sites/samurai-sample/app/public/wp-content/plugins/vk-all-in-one-expansion-unit/inc/other-widget/widget-profile.php on line 188
[04-Oct-2024 03:46:56 UTC] PHP Warning:  Undefined array key "mediaRound" in /Users/apple/Local Sites/samurai-sample/app/public/wp-content/plugins/vk-all-in-one-expansion-unit/inc/other-widget/widget-profile.php on line 190
[04-Oct-2024 03:46:56 UTC] PHP Warning:  Undefined array key "mediaFloat" in /Users/apple/Local Sites/samurai-sample/app/public/wp-content/plugins/vk-all-in-one-expansion-unit/inc/other-widget/widget-profile.php on line 192
[04-Oct-2024 03:46:58 UTC] PHP Warning:  Undefined array key "mediaAlign_left" in /Users/apple/Local Sites/samurai-sample/app/public/wp-content/plugins/vk-all-in-one-expansion-unit/inc/other-widget/widget-profile.php on line 188
[04-Oct-2024 03:46:58 UTC] PHP Warning:  Undefined array key "mediaRound" in /Users/apple/Local Sites/samurai-sample/app/public/wp-content/plugins/vk-all-in-one-expansion-unit/inc/other-widget/widget-profile.php on line 190
[04-Oct-2024 03:46:58 UTC] PHP Warning:  Undefined array key "mediaFloat" in /Users/apple/Local Sites/samurai-sample/app/public/wp-content/plugins/vk-all-in-one-expansion-unit/inc/other-widget/widget-profile.php on line 192
[04-Oct-2024 03:47:09 UTC] PHP Warning:  Undefined array key "mediaAlign_left" in /Users/apple/Local Sites/samurai-sample/app/public/wp-content/plugins/vk-all-in-one-expansion-unit/inc/other-widget/widget-profile.php on line 188
[04-Oct-2024 03:47:09 UTC] PHP Warning:  Undefined array key "mediaRound" in /Users/apple/Local Sites/samurai-sample/app/public/wp-content/plugins/vk-all-in-one-expansion-unit/inc/other-widget/widget-profile.php on line 190
[04-Oct-2024 03:47:09 UTC] PHP Warning:  Undefined array key "mediaFloat" in /Users/apple/Local Sites/samurai-sample/app/public/wp-content/plugins/vk-all-in-one-expansion-unit/inc/other-widget/widget-profile.php on line 192
[04-Oct-2024 03:47:31 UTC] PHP Warning:  Undefined array key "mediaAlign_left" in /Users/apple/Local Sites/samurai-sample/app/public/wp-content/plugins/vk-all-in-one-expansion-unit/inc/other-widget/widget-profile.php on line 188
[04-Oct-2024 03:47:31 UTC] PHP Warning:  Undefined array key "mediaRound" in /Users/apple/Local Sites/samurai-sample/app/public/wp-content/plugins/vk-all-in-one-expansion-unit/inc/other-widget/widget-profile.php on line 190
[04-Oct-2024 03:47:31 UTC] PHP Warning:  Undefined array key "mediaFloat" in /Users/apple/Local Sites/samurai-sample/app/public/wp-content/plugins/vk-all-in-one-expansion-unit/inc/other-widget/widget-profile.php on line 192
[04-Oct-2024 03:47:47 UTC] PHP Warning:  Undefined array key "mediaAlign_left" in /Users/apple/Local Sites/samurai-sample/app/public/wp-content/plugins/vk-all-in-one-expansion-unit/inc/other-widget/widget-profile.php on line 188
[04-Oct-2024 03:47:47 UTC] PHP Warning:  Undefined array key "mediaRound" in /Users/apple/Local Sites/samurai-sample/app/public/wp-content/plugins/vk-all-in-one-expansion-unit/inc/other-widget/widget-profile.php on line 190
[04-Oct-2024 03:47:47 UTC] PHP Warning:  Undefined array key "mediaFloat" in /Users/apple/Local Sites/samurai-sample/app/public/wp-content/plugins/vk-all-in-one-expansion-unit/inc/other-widget/widget-profile.php on line 192
[04-Oct-2024 03:47:57 UTC] PHP Warning:  Undefined array key "mediaAlign_left" in /Users/apple/Local Sites/samurai-sample/app/public/wp-content/plugins/vk-all-in-one-expansion-unit/inc/other-widget/widget-profile.php on line 188
[04-Oct-2024 03:47:57 UTC] PHP Warning:  Undefined array key "mediaRound" in /Users/apple/Local Sites/samurai-sample/app/public/wp-content/plugins/vk-all-in-one-expansion-unit/inc/other-widget/widget-profile.php on line 190
[04-Oct-2024 03:47:57 UTC] PHP Warning:  Undefined array key "mediaFloat" in /Users/apple/Local Sites/samurai-sample/app/public/wp-content/plugins/vk-all-in-one-expansion-unit/inc/other-widget/widget-profile.php on line 192
[04-Oct-2024 03:48:11 UTC] PHP Warning:  Undefined array key "mediaAlign_left" in /Users/apple/Local Sites/samurai-sample/app/public/wp-content/plugins/vk-all-in-one-expansion-unit/inc/other-widget/widget-profile.php on line 188
[04-Oct-2024 03:48:11 UTC] PHP Warning:  Undefined array key "mediaRound" in /Users/apple/Local Sites/samurai-sample/app/public/wp-content/plugins/vk-all-in-one-expansion-unit/inc/other-widget/widget-profile.php on line 190
[04-Oct-2024 03:48:11 UTC] PHP Warning:  Undefined array key "mediaFloat" in /Users/apple/Local Sites/samurai-sample/app/public/wp-content/plugins/vk-all-in-one-expansion-unit/inc/other-widget/widget-profile.php on line 192
[04-Oct-2024 03:48:31 UTC] PHP Warning:  Undefined array key "mediaAlign_left" in /Users/apple/Local Sites/samurai-sample/app/public/wp-content/plugins/vk-all-in-one-expansion-unit/inc/other-widget/widget-profile.php on line 188
[04-Oct-2024 03:48:31 UTC] PHP Warning:  Undefined array key "mediaRound" in /Users/apple/Local Sites/samurai-sample/app/public/wp-content/plugins/vk-all-in-one-expansion-unit/inc/other-widget/widget-profile.php on line 190
[04-Oct-2024 03:48:31 UTC] PHP Warning:  Undefined array key "mediaFloat" in /Users/apple/Local Sites/samurai-sample/app/public/wp-content/plugins/vk-all-in-one-expansion-unit/inc/other-widget/widget-profile.php on line 192
[04-Oct-2024 03:48:31 UTC] PHP Warning:  Undefined array key "mediaAlign_left" in /Users/apple/Local Sites/samurai-sample/app/public/wp-content/plugins/vk-all-in-one-expansion-unit/inc/other-widget/widget-profile.php on line 188
[04-Oct-2024 03:48:31 UTC] PHP Warning:  Undefined array key "mediaRound" in /Users/apple/Local Sites/samurai-sample/app/public/wp-content/plugins/vk-all-in-one-expansion-unit/inc/other-widget/widget-profile.php on line 190
[04-Oct-2024 03:48:31 UTC] PHP Warning:  Undefined array key "mediaFloat" in /Users/apple/Local Sites/samurai-sample/app/public/wp-content/plugins/vk-all-in-one-expansion-unit/inc/other-widget/widget-profile.php on line 192
[04-Oct-2024 03:48:32 UTC] PHP Warning:  Undefined array key "mediaAlign_left" in /Users/apple/Local Sites/samurai-sample/app/public/wp-content/plugins/vk-all-in-one-expansion-unit/inc/other-widget/widget-profile.php on line 188
[04-Oct-2024 03:48:32 UTC] PHP Warning:  Undefined array key "mediaRound" in /Users/apple/Local Sites/samurai-sample/app/public/wp-content/plugins/vk-all-in-one-expansion-unit/inc/other-widget/widget-profile.php on line 190
[04-Oct-2024 03:48:32 UTC] PHP Warning:  Undefined array key "mediaFloat" in /Users/apple/Local Sites/samurai-sample/app/public/wp-content/plugins/vk-all-in-one-expansion-unit/inc/other-widget/widget-profile.php on line 192
[04-Oct-2024 03:48:35 UTC] PHP Warning:  Undefined array key "mediaAlign_left" in /Users/apple/Local Sites/samurai-sample/app/public/wp-content/plugins/vk-all-in-one-expansion-unit/inc/other-widget/widget-profile.php on line 188
[04-Oct-2024 03:48:35 UTC] PHP Warning:  Undefined array key "mediaRound" in /Users/apple/Local Sites/samurai-sample/app/public/wp-content/plugins/vk-all-in-one-expansion-unit/inc/other-widget/widget-profile.php on line 190
[04-Oct-2024 03:48:35 UTC] PHP Warning:  Undefined array key "mediaFloat" in /Users/apple/Local Sites/samurai-sample/app/public/wp-content/plugins/vk-all-in-one-expansion-unit/inc/other-widget/widget-profile.php on line 192
[04-Oct-2024 03:48:40 UTC] PHP Warning:  Undefined array key "mediaAlign_left" in /Users/apple/Local Sites/samurai-sample/app/public/wp-content/plugins/vk-all-in-one-expansion-unit/inc/other-widget/widget-profile.php on line 188
[04-Oct-2024 03:48:40 UTC] PHP Warning:  Undefined array key "mediaRound" in /Users/apple/Local Sites/samurai-sample/app/public/wp-content/plugins/vk-all-in-one-expansion-unit/inc/other-widget/widget-profile.php on line 190
[04-Oct-2024 03:48:40 UTC] PHP Warning:  Undefined array key "mediaFloat" in /Users/apple/Local Sites/samurai-sample/app/public/wp-content/plugins/vk-all-in-one-expansion-unit/inc/other-widget/widget-profile.php on line 192
[04-Oct-2024 03:48:41 UTC] PHP Warning:  Undefined array key "mediaAlign_left" in /Users/apple/Local Sites/samurai-sample/app/public/wp-content/plugins/vk-all-in-one-expansion-unit/inc/other-widget/widget-profile.php on line 188
[04-Oct-2024 03:48:41 UTC] PHP Warning:  Undefined array key "mediaRound" in /Users/apple/Local Sites/samurai-sample/app/public/wp-content/plugins/vk-all-in-one-expansion-unit/inc/other-widget/widget-profile.php on line 190
[04-Oct-2024 03:48:41 UTC] PHP Warning:  Undefined array key "mediaFloat" in /Users/apple/Local Sites/samurai-sample/app/public/wp-content/plugins/vk-all-in-one-expansion-unit/inc/other-widget/widget-profile.php on line 192
[04-Oct-2024 03:48:42 UTC] PHP Warning:  Undefined array key "mediaAlign_left" in /Users/apple/Local Sites/samurai-sample/app/public/wp-content/plugins/vk-all-in-one-expansion-unit/inc/other-widget/widget-profile.php on line 188
[04-Oct-2024 03:48:42 UTC] PHP Warning:  Undefined array key "mediaRound" in /Users/apple/Local Sites/samurai-sample/app/public/wp-content/plugins/vk-all-in-one-expansion-unit/inc/other-widget/widget-profile.php on line 190
[04-Oct-2024 03:48:42 UTC] PHP Warning:  Undefined array key "mediaFloat" in /Users/apple/Local Sites/samurai-sample/app/public/wp-content/plugins/vk-all-in-one-expansion-unit/inc/other-widget/widget-profile.php on line 192
[04-Oct-2024 03:48:45 UTC] PHP Warning:  Undefined array key "mediaAlign_left" in /Users/apple/Local Sites/samurai-sample/app/public/wp-content/plugins/vk-all-in-one-expansion-unit/inc/other-widget/widget-profile.php on line 188
[04-Oct-2024 03:48:45 UTC] PHP Warning:  Undefined array key "mediaRound" in /Users/apple/Local Sites/samurai-sample/app/public/wp-content/plugins/vk-all-in-one-expansion-unit/inc/other-widget/widget-profile.php on line 190
[04-Oct-2024 03:48:45 UTC] PHP Warning:  Undefined array key "mediaFloat" in /Users/apple/Local Sites/samurai-sample/app/public/wp-content/plugins/vk-all-in-one-expansion-unit/inc/other-widget/widget-profile.php on line 192
[04-Oct-2024 03:48:46 UTC] PHP Warning:  Undefined array key "mediaAlign_left" in /Users/apple/Local Sites/samurai-sample/app/public/wp-content/plugins/vk-all-in-one-expansion-unit/inc/other-widget/widget-profile.php on line 188
[04-Oct-2024 03:48:46 UTC] PHP Warning:  Undefined array key "mediaRound" in /Users/apple/Local Sites/samurai-sample/app/public/wp-content/plugins/vk-all-in-one-expansion-unit/inc/other-widget/widget-profile.php on line 190
[04-Oct-2024 03:48:46 UTC] PHP Warning:  Undefined array key "mediaFloat" in /Users/apple/Local Sites/samurai-sample/app/public/wp-content/plugins/vk-all-in-one-expansion-unit/inc/other-widget/widget-profile.php on line 192
[04-Oct-2024 03:48:48 UTC] PHP Warning:  Undefined array key "mediaAlign_left" in /Users/apple/Local Sites/samurai-sample/app/public/wp-content/plugins/vk-all-in-one-expansion-unit/inc/other-widget/widget-profile.php on line 188
[04-Oct-2024 03:48:48 UTC] PHP Warning:  Undefined array key "mediaRound" in /Users/apple/Local Sites/samurai-sample/app/public/wp-content/plugins/vk-all-in-one-expansion-unit/inc/other-widget/widget-profile.php on line 190
[04-Oct-2024 03:48:48 UTC] PHP Warning:  Undefined array key "mediaFloat" in /Users/apple/Local Sites/samurai-sample/app/public/wp-content/plugins/vk-all-in-one-expansion-unit/inc/other-widget/widget-profile.php on line 192
[04-Oct-2024 03:48:50 UTC] PHP Warning:  Undefined array key "mediaAlign_left" in /Users/apple/Local Sites/samurai-sample/app/public/wp-content/plugins/vk-all-in-one-expansion-unit/inc/other-widget/widget-profile.php on line 188
[04-Oct-2024 03:48:50 UTC] PHP Warning:  Undefined array key "mediaRound" in /Users/apple/Local Sites/samurai-sample/app/public/wp-content/plugins/vk-all-in-one-expansion-unit/inc/other-widget/widget-profile.php on line 190
[04-Oct-2024 03:48:50 UTC] PHP Warning:  Undefined array key "mediaFloat" in /Users/apple/Local Sites/samurai-sample/app/public/wp-content/plugins/vk-all-in-one-expansion-unit/inc/other-widget/widget-profile.php on line 192
[04-Oct-2024 03:48:52 UTC] PHP Warning:  Undefined array key "mediaAlign_left" in /Users/apple/Local Sites/samurai-sample/app/public/wp-content/plugins/vk-all-in-one-expansion-unit/inc/other-widget/widget-profile.php on line 188
[04-Oct-2024 03:48:52 UTC] PHP Warning:  Undefined array key "mediaRound" in /Users/apple/Local Sites/samurai-sample/app/public/wp-content/plugins/vk-all-in-one-expansion-unit/inc/other-widget/widget-profile.php on line 190
[04-Oct-2024 03:48:52 UTC] PHP Warning:  Undefined array key "mediaFloat" in /Users/apple/Local Sites/samurai-sample/app/public/wp-content/plugins/vk-all-in-one-expansion-unit/inc/other-widget/widget-profile.php on line 192
[04-Oct-2024 03:48:54 UTC] PHP Warning:  Undefined array key "mediaAlign_left" in /Users/apple/Local Sites/samurai-sample/app/public/wp-content/plugins/vk-all-in-one-expansion-unit/inc/other-widget/widget-profile.php on line 188
[04-Oct-2024 03:48:54 UTC] PHP Warning:  Undefined array key "mediaRound" in /Users/apple/Local Sites/samurai-sample/app/public/wp-content/plugins/vk-all-in-one-expansion-unit/inc/other-widget/widget-profile.php on line 190
[04-Oct-2024 03:48:54 UTC] PHP Warning:  Undefined array key "mediaFloat" in /Users/apple/Local Sites/samurai-sample/app/public/wp-content/plugins/vk-all-in-one-expansion-unit/inc/other-widget/widget-profile.php on line 192
[04-Oct-2024 03:48:55 UTC] PHP Warning:  Undefined array key "mediaAlign_left" in /Users/apple/Local Sites/samurai-sample/app/public/wp-content/plugins/vk-all-in-one-expansion-unit/inc/other-widget/widget-profile.php on line 188
[04-Oct-2024 03:48:55 UTC] PHP Warning:  Undefined array key "mediaRound" in /Users/apple/Local Sites/samurai-sample/app/public/wp-content/plugins/vk-all-in-one-expansion-unit/inc/other-widget/widget-profile.php on line 190
[04-Oct-2024 03:48:55 UTC] PHP Warning:  Undefined array key "mediaFloat" in /Users/apple/Local Sites/samurai-sample/app/public/wp-content/plugins/vk-all-in-one-expansion-unit/inc/other-widget/widget-profile.php on line 192
[04-Oct-2024 03:48:57 UTC] PHP Warning:  Undefined array key "mediaAlign_left" in /Users/apple/Local Sites/samurai-sample/app/public/wp-content/plugins/vk-all-in-one-expansion-unit/inc/other-widget/widget-profile.php on line 188
[04-Oct-2024 03:48:57 UTC] PHP Warning:  Undefined array key "mediaRound" in /Users/apple/Local Sites/samurai-sample/app/public/wp-content/plugins/vk-all-in-one-expansion-unit/inc/other-widget/widget-profile.php on line 190
[04-Oct-2024 03:48:57 UTC] PHP Warning:  Undefined array key "mediaFloat" in /Users/apple/Local Sites/samurai-sample/app/public/wp-content/plugins/vk-all-in-one-expansion-unit/inc/other-widget/widget-profile.php on line 192
[04-Oct-2024 03:48:58 UTC] PHP Warning:  Undefined array key "mediaAlign_left" in /Users/apple/Local Sites/samurai-sample/app/public/wp-content/plugins/vk-all-in-one-expansion-unit/inc/other-widget/widget-profile.php on line 188
[04-Oct-2024 03:48:58 UTC] PHP Warning:  Undefined array key "mediaRound" in /Users/apple/Local Sites/samurai-sample/app/public/wp-content/plugins/vk-all-in-one-expansion-unit/inc/other-widget/widget-profile.php on line 190
[04-Oct-2024 03:48:58 UTC] PHP Warning:  Undefined array key "mediaFloat" in /Users/apple/Local Sites/samurai-sample/app/public/wp-content/plugins/vk-all-in-one-expansion-unit/inc/other-widget/widget-profile.php on line 192
[04-Oct-2024 03:48:59 UTC] PHP Warning:  Undefined array key "mediaAlign_left" in /Users/apple/Local Sites/samurai-sample/app/public/wp-content/plugins/vk-all-in-one-expansion-unit/inc/other-widget/widget-profile.php on line 188
[04-Oct-2024 03:48:59 UTC] PHP Warning:  Undefined array key "mediaRound" in /Users/apple/Local Sites/samurai-sample/app/public/wp-content/plugins/vk-all-in-one-expansion-unit/inc/other-widget/widget-profile.php on line 190
[04-Oct-2024 03:48:59 UTC] PHP Warning:  Undefined array key "mediaFloat" in /Users/apple/Local Sites/samurai-sample/app/public/wp-content/plugins/vk-all-in-one-expansion-unit/inc/other-widget/widget-profile.php on line 192
[04-Oct-2024 03:49:00 UTC] PHP Warning:  Undefined array key "mediaAlign_left" in /Users/apple/Local Sites/samurai-sample/app/public/wp-content/plugins/vk-all-in-one-expansion-unit/inc/other-widget/widget-profile.php on line 188
[04-Oct-2024 03:49:00 UTC] PHP Warning:  Undefined array key "mediaRound" in /Users/apple/Local Sites/samurai-sample/app/public/wp-content/plugins/vk-all-in-one-expansion-unit/inc/other-widget/widget-profile.php on line 190
[04-Oct-2024 03:49:00 UTC] PHP Warning:  Undefined array key "mediaFloat" in /Users/apple/Local Sites/samurai-sample/app/public/wp-content/plugins/vk-all-in-one-expansion-unit/inc/other-widget/widget-profile.php on line 192
[04-Oct-2024 03:49:00 UTC] PHP Warning:  Undefined array key "mediaAlign_left" in /Users/apple/Local Sites/samurai-sample/app/public/wp-content/plugins/vk-all-in-one-expansion-unit/inc/other-widget/widget-profile.php on line 188
[04-Oct-2024 03:49:00 UTC] PHP Warning:  Undefined array key "mediaRound" in /Users/apple/Local Sites/samurai-sample/app/public/wp-content/plugins/vk-all-in-one-expansion-unit/inc/other-widget/widget-profile.php on line 190
[04-Oct-2024 03:49:00 UTC] PHP Warning:  Undefined array key "mediaFloat" in /Users/apple/Local Sites/samurai-sample/app/public/wp-content/plugins/vk-all-in-one-expansion-unit/inc/other-widget/widget-profile.php on line 192
[04-Oct-2024 03:49:03 UTC] PHP Warning:  Undefined array key "mediaAlign_left" in /Users/apple/Local Sites/samurai-sample/app/public/wp-content/plugins/vk-all-in-one-expansion-unit/inc/other-widget/widget-profile.php on line 188
[04-Oct-2024 03:49:03 UTC] PHP Warning:  Undefined array key "mediaRound" in /Users/apple/Local Sites/samurai-sample/app/public/wp-content/plugins/vk-all-in-one-expansion-unit/inc/other-widget/widget-profile.php on line 190
[04-Oct-2024 03:49:03 UTC] PHP Warning:  Undefined array key "mediaFloat" in /Users/apple/Local Sites/samurai-sample/app/public/wp-content/plugins/vk-all-in-one-expansion-unit/inc/other-widget/widget-profile.php on line 192
[04-Oct-2024 03:49:03 UTC] PHP Warning:  Undefined array key "mediaAlign_left" in /Users/apple/Local Sites/samurai-sample/app/public/wp-content/plugins/vk-all-in-one-expansion-unit/inc/other-widget/widget-profile.php on line 188
[04-Oct-2024 03:49:03 UTC] PHP Warning:  Undefined array key "mediaRound" in /Users/apple/Local Sites/samurai-sample/app/public/wp-content/plugins/vk-all-in-one-expansion-unit/inc/other-widget/widget-profile.php on line 190
[04-Oct-2024 03:49:03 UTC] PHP Warning:  Undefined array key "mediaFloat" in /Users/apple/Local Sites/samurai-sample/app/public/wp-content/plugins/vk-all-in-one-expansion-unit/inc/other-widget/widget-profile.php on line 192
[04-Oct-2024 03:49:04 UTC] PHP Warning:  Undefined array key "mediaAlign_left" in /Users/apple/Local Sites/samurai-sample/app/public/wp-content/plugins/vk-all-in-one-expansion-unit/inc/other-widget/widget-profile.php on line 188
[04-Oct-2024 03:49:04 UTC] PHP Warning:  Undefined array key "mediaRound" in /Users/apple/Local Sites/samurai-sample/app/public/wp-content/plugins/vk-all-in-one-expansion-unit/inc/other-widget/widget-profile.php on line 190
[04-Oct-2024 03:49:04 UTC] PHP Warning:  Undefined array key "mediaFloat" in /Users/apple/Local Sites/samurai-sample/app/public/wp-content/plugins/vk-all-in-one-expansion-unit/inc/other-widget/widget-profile.php on line 192
[04-Oct-2024 03:49:07 UTC] PHP Warning:  Undefined array key "mediaAlign_left" in /Users/apple/Local Sites/samurai-sample/app/public/wp-content/plugins/vk-all-in-one-expansion-unit/inc/other-widget/widget-profile.php on line 188
[04-Oct-2024 03:49:07 UTC] PHP Warning:  Undefined array key "mediaRound" in /Users/apple/Local Sites/samurai-sample/app/public/wp-content/plugins/vk-all-in-one-expansion-unit/inc/other-widget/widget-profile.php on line 190
[04-Oct-2024 03:49:07 UTC] PHP Warning:  Undefined array key "mediaFloat" in /Users/apple/Local Sites/samurai-sample/app/public/wp-content/plugins/vk-all-in-one-expansion-unit/inc/other-widget/widget-profile.php on line 192
[04-Oct-2024 03:49:11 UTC] PHP Warning:  Undefined array key "mediaAlign_left" in /Users/apple/Local Sites/samurai-sample/app/public/wp-content/plugins/vk-all-in-one-expansion-unit/inc/other-widget/widget-profile.php on line 188
[04-Oct-2024 03:49:11 UTC] PHP Warning:  Undefined array key "mediaRound" in /Users/apple/Local Sites/samurai-sample/app/public/wp-content/plugins/vk-all-in-one-expansion-unit/inc/other-widget/widget-profile.php on line 190
[04-Oct-2024 03:49:11 UTC] PHP Warning:  Undefined array key "mediaFloat" in /Users/apple/Local Sites/samurai-sample/app/public/wp-content/plugins/vk-all-in-one-expansion-unit/inc/other-widget/widget-profile.php on line 192
[04-Oct-2024 03:49:11 UTC] PHP Warning:  Undefined array key "mediaAlign_left" in /Users/apple/Local Sites/samurai-sample/app/public/wp-content/plugins/vk-all-in-one-expansion-unit/inc/other-widget/widget-profile.php on line 188
[04-Oct-2024 03:49:11 UTC] PHP Warning:  Undefined array key "mediaRound" in /Users/apple/Local Sites/samurai-sample/app/public/wp-content/plugins/vk-all-in-one-expansion-unit/inc/other-widget/widget-profile.php on line 190
[04-Oct-2024 03:49:11 UTC] PHP Warning:  Undefined array key "mediaFloat" in /Users/apple/Local Sites/samurai-sample/app/public/wp-content/plugins/vk-all-in-one-expansion-unit/inc/other-widget/widget-profile.php on line 192
[04-Oct-2024 03:49:12 UTC] PHP Warning:  Undefined array key "mediaAlign_left" in /Users/apple/Local Sites/samurai-sample/app/public/wp-content/plugins/vk-all-in-one-expansion-unit/inc/other-widget/widget-profile.php on line 188
[04-Oct-2024 03:49:12 UTC] PHP Warning:  Undefined array key "mediaRound" in /Users/apple/Local Sites/samurai-sample/app/public/wp-content/plugins/vk-all-in-one-expansion-unit/inc/other-widget/widget-profile.php on line 190
[04-Oct-2024 03:49:12 UTC] PHP Warning:  Undefined array key "mediaFloat" in /Users/apple/Local Sites/samurai-sample/app/public/wp-content/plugins/vk-all-in-one-expansion-unit/inc/other-widget/widget-profile.php on line 192
[04-Oct-2024 03:49:13 UTC] PHP Warning:  Undefined array key "mediaAlign_left" in /Users/apple/Local Sites/samurai-sample/app/public/wp-content/plugins/vk-all-in-one-expansion-unit/inc/other-widget/widget-profile.php on line 188
[04-Oct-2024 03:49:13 UTC] PHP Warning:  Undefined array key "mediaRound" in /Users/apple/Local Sites/samurai-sample/app/public/wp-content/plugins/vk-all-in-one-expansion-unit/inc/other-widget/widget-profile.php on line 190
[04-Oct-2024 03:49:13 UTC] PHP Warning:  Undefined array key "mediaFloat" in /Users/apple/Local Sites/samurai-sample/app/public/wp-content/plugins/vk-all-in-one-expansion-unit/inc/other-widget/widget-profile.php on line 192
[04-Oct-2024 03:49:16 UTC] PHP Warning:  Undefined array key "mediaAlign_left" in /Users/apple/Local Sites/samurai-sample/app/public/wp-content/plugins/vk-all-in-one-expansion-unit/inc/other-widget/widget-profile.php on line 188
[04-Oct-2024 03:49:16 UTC] PHP Warning:  Undefined array key "mediaRound" in /Users/apple/Local Sites/samurai-sample/app/public/wp-content/plugins/vk-all-in-one-expansion-unit/inc/other-widget/widget-profile.php on line 190
[04-Oct-2024 03:49:16 UTC] PHP Warning:  Undefined array key "mediaFloat" in /Users/apple/Local Sites/samurai-sample/app/public/wp-content/plugins/vk-all-in-one-expansion-unit/inc/other-widget/widget-profile.php on line 192
[04-Oct-2024 03:49:17 UTC] PHP Warning:  Undefined array key "mediaAlign_left" in /Users/apple/Local Sites/samurai-sample/app/public/wp-content/plugins/vk-all-in-one-expansion-unit/inc/other-widget/widget-profile.php on line 188
[04-Oct-2024 03:49:17 UTC] PHP Warning:  Undefined array key "mediaRound" in /Users/apple/Local Sites/samurai-sample/app/public/wp-content/plugins/vk-all-in-one-expansion-unit/inc/other-widget/widget-profile.php on line 190
[04-Oct-2024 03:49:17 UTC] PHP Warning:  Undefined array key "mediaFloat" in /Users/apple/Local Sites/samurai-sample/app/public/wp-content/plugins/vk-all-in-one-expansion-unit/inc/other-widget/widget-profile.php on line 192
[04-Oct-2024 03:49:19 UTC] PHP Warning:  Undefined array key "mediaAlign_left" in /Users/apple/Local Sites/samurai-sample/app/public/wp-content/plugins/vk-all-in-one-expansion-unit/inc/other-widget/widget-profile.php on line 188
[04-Oct-2024 03:49:19 UTC] PHP Warning:  Undefined array key "mediaRound" in /Users/apple/Local Sites/samurai-sample/app/public/wp-content/plugins/vk-all-in-one-expansion-unit/inc/other-widget/widget-profile.php on line 190
[04-Oct-2024 03:49:19 UTC] PHP Warning:  Undefined array key "mediaFloat" in /Users/apple/Local Sites/samurai-sample/app/public/wp-content/plugins/vk-all-in-one-expansion-unit/inc/other-widget/widget-profile.php on line 192
[04-Oct-2024 03:49:20 UTC] PHP Warning:  Undefined array key "mediaAlign_left" in /Users/apple/Local Sites/samurai-sample/app/public/wp-content/plugins/vk-all-in-one-expansion-unit/inc/other-widget/widget-profile.php on line 188
[04-Oct-2024 03:49:20 UTC] PHP Warning:  Undefined array key "mediaRound" in /Users/apple/Local Sites/samurai-sample/app/public/wp-content/plugins/vk-all-in-one-expansion-unit/inc/other-widget/widget-profile.php on line 190
[04-Oct-2024 03:49:20 UTC] PHP Warning:  Undefined array key "mediaFloat" in /Users/apple/Local Sites/samurai-sample/app/public/wp-content/plugins/vk-all-in-one-expansion-unit/inc/other-widget/widget-profile.php on line 192
[04-Oct-2024 03:49:22 UTC] PHP Warning:  Undefined array key "mediaAlign_left" in /Users/apple/Local Sites/samurai-sample/app/public/wp-content/plugins/vk-all-in-one-expansion-unit/inc/other-widget/widget-profile.php on line 188
[04-Oct-2024 03:49:22 UTC] PHP Warning:  Undefined array key "mediaRound" in /Users/apple/Local Sites/samurai-sample/app/public/wp-content/plugins/vk-all-in-one-expansion-unit/inc/other-widget/widget-profile.php on line 190
[04-Oct-2024 03:49:22 UTC] PHP Warning:  Undefined array key "mediaFloat" in /Users/apple/Local Sites/samurai-sample/app/public/wp-content/plugins/vk-all-in-one-expansion-unit/inc/other-widget/widget-profile.php on line 192
[04-Oct-2024 03:49:23 UTC] PHP Warning:  Undefined array key "mediaAlign_left" in /Users/apple/Local Sites/samurai-sample/app/public/wp-content/plugins/vk-all-in-one-expansion-unit/inc/other-widget/widget-profile.php on line 188
[04-Oct-2024 03:49:23 UTC] PHP Warning:  Undefined array key "mediaRound" in /Users/apple/Local Sites/samurai-sample/app/public/wp-content/plugins/vk-all-in-one-expansion-unit/inc/other-widget/widget-profile.php on line 190
[04-Oct-2024 03:49:23 UTC] PHP Warning:  Undefined array key "mediaFloat" in /Users/apple/Local Sites/samurai-sample/app/public/wp-content/plugins/vk-all-in-one-expansion-unit/inc/other-widget/widget-profile.php on line 192
[04-Oct-2024 03:49:23 UTC] PHP Warning:  Undefined array key "mediaAlign_left" in /Users/apple/Local Sites/samurai-sample/app/public/wp-content/plugins/vk-all-in-one-expansion-unit/inc/other-widget/widget-profile.php on line 188
[04-Oct-2024 03:49:23 UTC] PHP Warning:  Undefined array key "mediaRound" in /Users/apple/Local Sites/samurai-sample/app/public/wp-content/plugins/vk-all-in-one-expansion-unit/inc/other-widget/widget-profile.php on line 190
[04-Oct-2024 03:49:23 UTC] PHP Warning:  Undefined array key "mediaFloat" in /Users/apple/Local Sites/samurai-sample/app/public/wp-content/plugins/vk-all-in-one-expansion-unit/inc/other-widget/widget-profile.php on line 192
[04-Oct-2024 03:49:23 UTC] PHP Warning:  Undefined array key "mediaAlign_left" in /Users/apple/Local Sites/samurai-sample/app/public/wp-content/plugins/vk-all-in-one-expansion-unit/inc/other-widget/widget-profile.php on line 188
[04-Oct-2024 03:49:23 UTC] PHP Warning:  Undefined array key "mediaRound" in /Users/apple/Local Sites/samurai-sample/app/public/wp-content/plugins/vk-all-in-one-expansion-unit/inc/other-widget/widget-profile.php on line 190
[04-Oct-2024 03:49:23 UTC] PHP Warning:  Undefined array key "mediaFloat" in /Users/apple/Local Sites/samurai-sample/app/public/wp-content/plugins/vk-all-in-one-expansion-unit/inc/other-widget/widget-profile.php on line 192
[04-Oct-2024 03:49:25 UTC] PHP Warning:  Undefined array key "mediaAlign_left" in /Users/apple/Local Sites/samurai-sample/app/public/wp-content/plugins/vk-all-in-one-expansion-unit/inc/other-widget/widget-profile.php on line 188
[04-Oct-2024 03:49:25 UTC] PHP Warning:  Undefined array key "mediaRound" in /Users/apple/Local Sites/samurai-sample/app/public/wp-content/plugins/vk-all-in-one-expansion-unit/inc/other-widget/widget-profile.php on line 190
[04-Oct-2024 03:49:25 UTC] PHP Warning:  Undefined array key "mediaFloat" in /Users/apple/Local Sites/samurai-sample/app/public/wp-content/plugins/vk-all-in-one-expansion-unit/inc/other-widget/widget-profile.php on line 192
[04-Oct-2024 03:49:25 UTC] PHP Warning:  Undefined array key "mediaAlign_left" in /Users/apple/Local Sites/samurai-sample/app/public/wp-content/plugins/vk-all-in-one-expansion-unit/inc/other-widget/widget-profile.php on line 188
[04-Oct-2024 03:49:25 UTC] PHP Warning:  Undefined array key "mediaRound" in /Users/apple/Local Sites/samurai-sample/app/public/wp-content/plugins/vk-all-in-one-expansion-unit/inc/other-widget/widget-profile.php on line 190
[04-Oct-2024 03:49:25 UTC] PHP Warning:  Undefined array key "mediaFloat" in /Users/apple/Local Sites/samurai-sample/app/public/wp-content/plugins/vk-all-in-one-expansion-unit/inc/other-widget/widget-profile.php on line 192
[04-Oct-2024 03:49:25 UTC] PHP Warning:  Undefined array key "mediaAlign_left" in /Users/apple/Local Sites/samurai-sample/app/public/wp-content/plugins/vk-all-in-one-expansion-unit/inc/other-widget/widget-profile.php on line 188
[04-Oct-2024 03:49:25 UTC] PHP Warning:  Undefined array key "mediaRound" in /Users/apple/Local Sites/samurai-sample/app/public/wp-content/plugins/vk-all-in-one-expansion-unit/inc/other-widget/widget-profile.php on line 190
[04-Oct-2024 03:49:25 UTC] PHP Warning:  Undefined array key "mediaFloat" in /Users/apple/Local Sites/samurai-sample/app/public/wp-content/plugins/vk-all-in-one-expansion-unit/inc/other-widget/widget-profile.php on line 192
[04-Oct-2024 03:49:25 UTC] PHP Warning:  Undefined array key "mediaAlign_left" in /Users/apple/Local Sites/samurai-sample/app/public/wp-content/plugins/vk-all-in-one-expansion-unit/inc/other-widget/widget-profile.php on line 188
[04-Oct-2024 03:49:25 UTC] PHP Warning:  Undefined array key "mediaRound" in /Users/apple/Local Sites/samurai-sample/app/public/wp-content/plugins/vk-all-in-one-expansion-unit/inc/other-widget/widget-profile.php on line 190
[04-Oct-2024 03:49:25 UTC] PHP Warning:  Undefined array key "mediaFloat" in /Users/apple/Local Sites/samurai-sample/app/public/wp-content/plugins/vk-all-in-one-expansion-unit/inc/other-widget/widget-profile.php on line 192
[04-Oct-2024 03:49:29 UTC] PHP Warning:  Undefined array key "mediaAlign_left" in /Users/apple/Local Sites/samurai-sample/app/public/wp-content/plugins/vk-all-in-one-expansion-unit/inc/other-widget/widget-profile.php on line 188
[04-Oct-2024 03:49:29 UTC] PHP Warning:  Undefined array key "mediaRound" in /Users/apple/Local Sites/samurai-sample/app/public/wp-content/plugins/vk-all-in-one-expansion-unit/inc/other-widget/widget-profile.php on line 190
[04-Oct-2024 03:49:29 UTC] PHP Warning:  Undefined array key "mediaFloat" in /Users/apple/Local Sites/samurai-sample/app/public/wp-content/plugins/vk-all-in-one-expansion-unit/inc/other-widget/widget-profile.php on line 192
[04-Oct-2024 03:49:30 UTC] PHP Warning:  Undefined array key "mediaAlign_left" in /Users/apple/Local Sites/samurai-sample/app/public/wp-content/plugins/vk-all-in-one-expansion-unit/inc/other-widget/widget-profile.php on line 188
[04-Oct-2024 03:49:30 UTC] PHP Warning:  Undefined array key "mediaRound" in /Users/apple/Local Sites/samurai-sample/app/public/wp-content/plugins/vk-all-in-one-expansion-unit/inc/other-widget/widget-profile.php on line 190
[04-Oct-2024 03:49:30 UTC] PHP Warning:  Undefined array key "mediaFloat" in /Users/apple/Local Sites/samurai-sample/app/public/wp-content/plugins/vk-all-in-one-expansion-unit/inc/other-widget/widget-profile.php on line 192
[04-Oct-2024 03:49:31 UTC] PHP Warning:  Undefined array key "mediaAlign_left" in /Users/apple/Local Sites/samurai-sample/app/public/wp-content/plugins/vk-all-in-one-expansion-unit/inc/other-widget/widget-profile.php on line 188
[04-Oct-2024 03:49:31 UTC] PHP Warning:  Undefined array key "mediaRound" in /Users/apple/Local Sites/samurai-sample/app/public/wp-content/plugins/vk-all-in-one-expansion-unit/inc/other-widget/widget-profile.php on line 190
[04-Oct-2024 03:49:31 UTC] PHP Warning:  Undefined array key "mediaFloat" in /Users/apple/Local Sites/samurai-sample/app/public/wp-content/plugins/vk-all-in-one-expansion-unit/inc/other-widget/widget-profile.php on line 192
[04-Oct-2024 03:49:32 UTC] PHP Warning:  Undefined array key "mediaAlign_left" in /Users/apple/Local Sites/samurai-sample/app/public/wp-content/plugins/vk-all-in-one-expansion-unit/inc/other-widget/widget-profile.php on line 188
[04-Oct-2024 03:49:32 UTC] PHP Warning:  Undefined array key "mediaRound" in /Users/apple/Local Sites/samurai-sample/app/public/wp-content/plugins/vk-all-in-one-expansion-unit/inc/other-widget/widget-profile.php on line 190
[04-Oct-2024 03:49:32 UTC] PHP Warning:  Undefined array key "mediaFloat" in /Users/apple/Local Sites/samurai-sample/app/public/wp-content/plugins/vk-all-in-one-expansion-unit/inc/other-widget/widget-profile.php on line 192
[04-Oct-2024 03:49:32 UTC] PHP Warning:  Undefined array key "mediaAlign_left" in /Users/apple/Local Sites/samurai-sample/app/public/wp-content/plugins/vk-all-in-one-expansion-unit/inc/other-widget/widget-profile.php on line 188
[04-Oct-2024 03:49:32 UTC] PHP Warning:  Undefined array key "mediaRound" in /Users/apple/Local Sites/samurai-sample/app/public/wp-content/plugins/vk-all-in-one-expansion-unit/inc/other-widget/widget-profile.php on line 190
[04-Oct-2024 03:49:32 UTC] PHP Warning:  Undefined array key "mediaFloat" in /Users/apple/Local Sites/samurai-sample/app/public/wp-content/plugins/vk-all-in-one-expansion-unit/inc/other-widget/widget-profile.php on line 192
[04-Oct-2024 03:49:53 UTC] PHP Warning:  Undefined array key "mediaAlign_left" in /Users/apple/Local Sites/samurai-sample/app/public/wp-content/plugins/vk-all-in-one-expansion-unit/inc/other-widget/widget-profile.php on line 188
[04-Oct-2024 03:49:53 UTC] PHP Warning:  Undefined array key "mediaRound" in /Users/apple/Local Sites/samurai-sample/app/public/wp-content/plugins/vk-all-in-one-expansion-unit/inc/other-widget/widget-profile.php on line 190
[04-Oct-2024 03:49:53 UTC] PHP Warning:  Undefined array key "mediaFloat" in /Users/apple/Local Sites/samurai-sample/app/public/wp-content/plugins/vk-all-in-one-expansion-unit/inc/other-widget/widget-profile.php on line 192
[04-Oct-2024 03:49:57 UTC] PHP Warning:  Undefined array key "mediaAlign_left" in /Users/apple/Local Sites/samurai-sample/app/public/wp-content/plugins/vk-all-in-one-expansion-unit/inc/other-widget/widget-profile.php on line 188
[04-Oct-2024 03:49:57 UTC] PHP Warning:  Undefined array key "mediaRound" in /Users/apple/Local Sites/samurai-sample/app/public/wp-content/plugins/vk-all-in-one-expansion-unit/inc/other-widget/widget-profile.php on line 190
[04-Oct-2024 03:49:57 UTC] PHP Warning:  Undefined array key "mediaFloat" in /Users/apple/Local Sites/samurai-sample/app/public/wp-content/plugins/vk-all-in-one-expansion-unit/inc/other-widget/widget-profile.php on line 192
[04-Oct-2024 03:49:58 UTC] PHP Warning:  Undefined array key "mediaAlign_left" in /Users/apple/Local Sites/samurai-sample/app/public/wp-content/plugins/vk-all-in-one-expansion-unit/inc/other-widget/widget-profile.php on line 188
[04-Oct-2024 03:49:58 UTC] PHP Warning:  Undefined array key "mediaRound" in /Users/apple/Local Sites/samurai-sample/app/public/wp-content/plugins/vk-all-in-one-expansion-unit/inc/other-widget/widget-profile.php on line 190
[04-Oct-2024 03:49:58 UTC] PHP Warning:  Undefined array key "mediaFloat" in /Users/apple/Local Sites/samurai-sample/app/public/wp-content/plugins/vk-all-in-one-expansion-unit/inc/other-widget/widget-profile.php on line 192
[04-Oct-2024 03:49:59 UTC] PHP Warning:  Undefined array key "mediaAlign_left" in /Users/apple/Local Sites/samurai-sample/app/public/wp-content/plugins/vk-all-in-one-expansion-unit/inc/other-widget/widget-profile.php on line 188
[04-Oct-2024 03:49:59 UTC] PHP Warning:  Undefined array key "mediaRound" in /Users/apple/Local Sites/samurai-sample/app/public/wp-content/plugins/vk-all-in-one-expansion-unit/inc/other-widget/widget-profile.php on line 190
[04-Oct-2024 03:49:59 UTC] PHP Warning:  Undefined array key "mediaFloat" in /Users/apple/Local Sites/samurai-sample/app/public/wp-content/plugins/vk-all-in-one-expansion-unit/inc/other-widget/widget-profile.php on line 192
[04-Oct-2024 03:50:00 UTC] PHP Warning:  Undefined array key "mediaAlign_left" in /Users/apple/Local Sites/samurai-sample/app/public/wp-content/plugins/vk-all-in-one-expansion-unit/inc/other-widget/widget-profile.php on line 188
[04-Oct-2024 03:50:00 UTC] PHP Warning:  Undefined array key "mediaRound" in /Users/apple/Local Sites/samurai-sample/app/public/wp-content/plugins/vk-all-in-one-expansion-unit/inc/other-widget/widget-profile.php on line 190
[04-Oct-2024 03:50:00 UTC] PHP Warning:  Undefined array key "mediaFloat" in /Users/apple/Local Sites/samurai-sample/app/public/wp-content/plugins/vk-all-in-one-expansion-unit/inc/other-widget/widget-profile.php on line 192
[04-Oct-2024 03:50:02 UTC] PHP Warning:  Undefined array key "mediaAlign_left" in /Users/apple/Local Sites/samurai-sample/app/public/wp-content/plugins/vk-all-in-one-expansion-unit/inc/other-widget/widget-profile.php on line 188
[04-Oct-2024 03:50:02 UTC] PHP Warning:  Undefined array key "mediaRound" in /Users/apple/Local Sites/samurai-sample/app/public/wp-content/plugins/vk-all-in-one-expansion-unit/inc/other-widget/widget-profile.php on line 190
[04-Oct-2024 03:50:02 UTC] PHP Warning:  Undefined array key "mediaFloat" in /Users/apple/Local Sites/samurai-sample/app/public/wp-content/plugins/vk-all-in-one-expansion-unit/inc/other-widget/widget-profile.php on line 192
[04-Oct-2024 03:50:03 UTC] PHP Warning:  Undefined array key "mediaAlign_left" in /Users/apple/Local Sites/samurai-sample/app/public/wp-content/plugins/vk-all-in-one-expansion-unit/inc/other-widget/widget-profile.php on line 188
[04-Oct-2024 03:50:03 UTC] PHP Warning:  Undefined array key "mediaRound" in /Users/apple/Local Sites/samurai-sample/app/public/wp-content/plugins/vk-all-in-one-expansion-unit/inc/other-widget/widget-profile.php on line 190
[04-Oct-2024 03:50:03 UTC] PHP Warning:  Undefined array key "mediaFloat" in /Users/apple/Local Sites/samurai-sample/app/public/wp-content/plugins/vk-all-in-one-expansion-unit/inc/other-widget/widget-profile.php on line 192
[04-Oct-2024 03:50:05 UTC] PHP Warning:  Undefined array key "mediaAlign_left" in /Users/apple/Local Sites/samurai-sample/app/public/wp-content/plugins/vk-all-in-one-expansion-unit/inc/other-widget/widget-profile.php on line 188
[04-Oct-2024 03:50:05 UTC] PHP Warning:  Undefined array key "mediaRound" in /Users/apple/Local Sites/samurai-sample/app/public/wp-content/plugins/vk-all-in-one-expansion-unit/inc/other-widget/widget-profile.php on line 190
[04-Oct-2024 03:50:05 UTC] PHP Warning:  Undefined array key "mediaFloat" in /Users/apple/Local Sites/samurai-sample/app/public/wp-content/plugins/vk-all-in-one-expansion-unit/inc/other-widget/widget-profile.php on line 192
[04-Oct-2024 03:50:06 UTC] PHP Warning:  Undefined array key "mediaAlign_left" in /Users/apple/Local Sites/samurai-sample/app/public/wp-content/plugins/vk-all-in-one-expansion-unit/inc/other-widget/widget-profile.php on line 188
[04-Oct-2024 03:50:06 UTC] PHP Warning:  Undefined array key "mediaRound" in /Users/apple/Local Sites/samurai-sample/app/public/wp-content/plugins/vk-all-in-one-expansion-unit/inc/other-widget/widget-profile.php on line 190
[04-Oct-2024 03:50:06 UTC] PHP Warning:  Undefined array key "mediaFloat" in /Users/apple/Local Sites/samurai-sample/app/public/wp-content/plugins/vk-all-in-one-expansion-unit/inc/other-widget/widget-profile.php on line 192
[04-Oct-2024 03:50:07 UTC] PHP Warning:  Undefined array key "mediaAlign_left" in /Users/apple/Local Sites/samurai-sample/app/public/wp-content/plugins/vk-all-in-one-expansion-unit/inc/other-widget/widget-profile.php on line 188
[04-Oct-2024 03:50:07 UTC] PHP Warning:  Undefined array key "mediaRound" in /Users/apple/Local Sites/samurai-sample/app/public/wp-content/plugins/vk-all-in-one-expansion-unit/inc/other-widget/widget-profile.php on line 190
[04-Oct-2024 03:50:07 UTC] PHP Warning:  Undefined array key "mediaFloat" in /Users/apple/Local Sites/samurai-sample/app/public/wp-content/plugins/vk-all-in-one-expansion-unit/inc/other-widget/widget-profile.php on line 192
[04-Oct-2024 03:50:08 UTC] PHP Warning:  Undefined array key "mediaAlign_left" in /Users/apple/Local Sites/samurai-sample/app/public/wp-content/plugins/vk-all-in-one-expansion-unit/inc/other-widget/widget-profile.php on line 188
[04-Oct-2024 03:50:08 UTC] PHP Warning:  Undefined array key "mediaRound" in /Users/apple/Local Sites/samurai-sample/app/public/wp-content/plugins/vk-all-in-one-expansion-unit/inc/other-widget/widget-profile.php on line 190
[04-Oct-2024 03:50:08 UTC] PHP Warning:  Undefined array key "mediaFloat" in /Users/apple/Local Sites/samurai-sample/app/public/wp-content/plugins/vk-all-in-one-expansion-unit/inc/other-widget/widget-profile.php on line 192
[04-Oct-2024 03:50:09 UTC] PHP Warning:  Undefined array key "mediaAlign_left" in /Users/apple/Local Sites/samurai-sample/app/public/wp-content/plugins/vk-all-in-one-expansion-unit/inc/other-widget/widget-profile.php on line 188
[04-Oct-2024 03:50:09 UTC] PHP Warning:  Undefined array key "mediaRound" in /Users/apple/Local Sites/samurai-sample/app/public/wp-content/plugins/vk-all-in-one-expansion-unit/inc/other-widget/widget-profile.php on line 190
[04-Oct-2024 03:50:09 UTC] PHP Warning:  Undefined array key "mediaFloat" in /Users/apple/Local Sites/samurai-sample/app/public/wp-content/plugins/vk-all-in-one-expansion-unit/inc/other-widget/widget-profile.php on line 192
[04-Oct-2024 03:50:09 UTC] PHP Warning:  Undefined array key "mediaAlign_left" in /Users/apple/Local Sites/samurai-sample/app/public/wp-content/plugins/vk-all-in-one-expansion-unit/inc/other-widget/widget-profile.php on line 188
[04-Oct-2024 03:50:09 UTC] PHP Warning:  Undefined array key "mediaRound" in /Users/apple/Local Sites/samurai-sample/app/public/wp-content/plugins/vk-all-in-one-expansion-unit/inc/other-widget/widget-profile.php on line 190
[04-Oct-2024 03:50:09 UTC] PHP Warning:  Undefined array key "mediaFloat" in /Users/apple/Local Sites/samurai-sample/app/public/wp-content/plugins/vk-all-in-one-expansion-unit/inc/other-widget/widget-profile.php on line 192
[04-Oct-2024 03:50:11 UTC] PHP Warning:  Undefined array key "mediaAlign_left" in /Users/apple/Local Sites/samurai-sample/app/public/wp-content/plugins/vk-all-in-one-expansion-unit/inc/other-widget/widget-profile.php on line 188
[04-Oct-2024 03:50:11 UTC] PHP Warning:  Undefined array key "mediaRound" in /Users/apple/Local Sites/samurai-sample/app/public/wp-content/plugins/vk-all-in-one-expansion-unit/inc/other-widget/widget-profile.php on line 190
[04-Oct-2024 03:50:11 UTC] PHP Warning:  Undefined array key "mediaFloat" in /Users/apple/Local Sites/samurai-sample/app/public/wp-content/plugins/vk-all-in-one-expansion-unit/inc/other-widget/widget-profile.php on line 192
[04-Oct-2024 03:50:13 UTC] PHP Warning:  Undefined array key "mediaAlign_left" in /Users/apple/Local Sites/samurai-sample/app/public/wp-content/plugins/vk-all-in-one-expansion-unit/inc/other-widget/widget-profile.php on line 188
[04-Oct-2024 03:50:13 UTC] PHP Warning:  Undefined array key "mediaRound" in /Users/apple/Local Sites/samurai-sample/app/public/wp-content/plugins/vk-all-in-one-expansion-unit/inc/other-widget/widget-profile.php on line 190
[04-Oct-2024 03:50:13 UTC] PHP Warning:  Undefined array key "mediaFloat" in /Users/apple/Local Sites/samurai-sample/app/public/wp-content/plugins/vk-all-in-one-expansion-unit/inc/other-widget/widget-profile.php on line 192
[04-Oct-2024 03:50:13 UTC] PHP Warning:  Undefined array key "mediaAlign_left" in /Users/apple/Local Sites/samurai-sample/app/public/wp-content/plugins/vk-all-in-one-expansion-unit/inc/other-widget/widget-profile.php on line 188
[04-Oct-2024 03:50:13 UTC] PHP Warning:  Undefined array key "mediaRound" in /Users/apple/Local Sites/samurai-sample/app/public/wp-content/plugins/vk-all-in-one-expansion-unit/inc/other-widget/widget-profile.php on line 190
[04-Oct-2024 03:50:13 UTC] PHP Warning:  Undefined array key "mediaFloat" in /Users/apple/Local Sites/samurai-sample/app/public/wp-content/plugins/vk-all-in-one-expansion-unit/inc/other-widget/widget-profile.php on line 192
[04-Oct-2024 03:50:14 UTC] PHP Warning:  Undefined array key "mediaAlign_left" in /Users/apple/Local Sites/samurai-sample/app/public/wp-content/plugins/vk-all-in-one-expansion-unit/inc/other-widget/widget-profile.php on line 188
[04-Oct-2024 03:50:14 UTC] PHP Warning:  Undefined array key "mediaRound" in /Users/apple/Local Sites/samurai-sample/app/public/wp-content/plugins/vk-all-in-one-expansion-unit/inc/other-widget/widget-profile.php on line 190
[04-Oct-2024 03:50:14 UTC] PHP Warning:  Undefined array key "mediaFloat" in /Users/apple/Local Sites/samurai-sample/app/public/wp-content/plugins/vk-all-in-one-expansion-unit/inc/other-widget/widget-profile.php on line 192
[04-Oct-2024 03:50:16 UTC] PHP Warning:  Undefined array key "mediaAlign_left" in /Users/apple/Local Sites/samurai-sample/app/public/wp-content/plugins/vk-all-in-one-expansion-unit/inc/other-widget/widget-profile.php on line 188
[04-Oct-2024 03:50:16 UTC] PHP Warning:  Undefined array key "mediaRound" in /Users/apple/Local Sites/samurai-sample/app/public/wp-content/plugins/vk-all-in-one-expansion-unit/inc/other-widget/widget-profile.php on line 190
[04-Oct-2024 03:50:16 UTC] PHP Warning:  Undefined array key "mediaFloat" in /Users/apple/Local Sites/samurai-sample/app/public/wp-content/plugins/vk-all-in-one-expansion-unit/inc/other-widget/widget-profile.php on line 192
[04-Oct-2024 03:50:17 UTC] PHP Warning:  Undefined array key "mediaAlign_left" in /Users/apple/Local Sites/samurai-sample/app/public/wp-content/plugins/vk-all-in-one-expansion-unit/inc/other-widget/widget-profile.php on line 188
[04-Oct-2024 03:50:17 UTC] PHP Warning:  Undefined array key "mediaRound" in /Users/apple/Local Sites/samurai-sample/app/public/wp-content/plugins/vk-all-in-one-expansion-unit/inc/other-widget/widget-profile.php on line 190
[04-Oct-2024 03:50:17 UTC] PHP Warning:  Undefined array key "mediaFloat" in /Users/apple/Local Sites/samurai-sample/app/public/wp-content/plugins/vk-all-in-one-expansion-unit/inc/other-widget/widget-profile.php on line 192
[04-Oct-2024 03:50:20 UTC] PHP Warning:  Undefined array key "mediaAlign_left" in /Users/apple/Local Sites/samurai-sample/app/public/wp-content/plugins/vk-all-in-one-expansion-unit/inc/other-widget/widget-profile.php on line 188
[04-Oct-2024 03:50:20 UTC] PHP Warning:  Undefined array key "mediaRound" in /Users/apple/Local Sites/samurai-sample/app/public/wp-content/plugins/vk-all-in-one-expansion-unit/inc/other-widget/widget-profile.php on line 190
[04-Oct-2024 03:50:20 UTC] PHP Warning:  Undefined array key "mediaFloat" in /Users/apple/Local Sites/samurai-sample/app/public/wp-content/plugins/vk-all-in-one-expansion-unit/inc/other-widget/widget-profile.php on line 192
[04-Oct-2024 03:50:21 UTC] PHP Warning:  Undefined array key "mediaAlign_left" in /Users/apple/Local Sites/samurai-sample/app/public/wp-content/plugins/vk-all-in-one-expansion-unit/inc/other-widget/widget-profile.php on line 188
[04-Oct-2024 03:50:21 UTC] PHP Warning:  Undefined array key "mediaRound" in /Users/apple/Local Sites/samurai-sample/app/public/wp-content/plugins/vk-all-in-one-expansion-unit/inc/other-widget/widget-profile.php on line 190
[04-Oct-2024 03:50:21 UTC] PHP Warning:  Undefined array key "mediaFloat" in /Users/apple/Local Sites/samurai-sample/app/public/wp-content/plugins/vk-all-in-one-expansion-unit/inc/other-widget/widget-profile.php on line 192
[04-Oct-2024 03:50:26 UTC] PHP Warning:  Undefined array key "mediaAlign_left" in /Users/apple/Local Sites/samurai-sample/app/public/wp-content/plugins/vk-all-in-one-expansion-unit/inc/other-widget/widget-profile.php on line 188
[04-Oct-2024 03:50:26 UTC] PHP Warning:  Undefined array key "mediaRound" in /Users/apple/Local Sites/samurai-sample/app/public/wp-content/plugins/vk-all-in-one-expansion-unit/inc/other-widget/widget-profile.php on line 190
[04-Oct-2024 03:50:26 UTC] PHP Warning:  Undefined array key "mediaFloat" in /Users/apple/Local Sites/samurai-sample/app/public/wp-content/plugins/vk-all-in-one-expansion-unit/inc/other-widget/widget-profile.php on line 192
[04-Oct-2024 03:50:26 UTC] PHP Warning:  Undefined array key "mediaAlign_left" in /Users/apple/Local Sites/samurai-sample/app/public/wp-content/plugins/vk-all-in-one-expansion-unit/inc/other-widget/widget-profile.php on line 188
[04-Oct-2024 03:50:26 UTC] PHP Warning:  Undefined array key "mediaRound" in /Users/apple/Local Sites/samurai-sample/app/public/wp-content/plugins/vk-all-in-one-expansion-unit/inc/other-widget/widget-profile.php on line 190
[04-Oct-2024 03:50:26 UTC] PHP Warning:  Undefined array key "mediaFloat" in /Users/apple/Local Sites/samurai-sample/app/public/wp-content/plugins/vk-all-in-one-expansion-unit/inc/other-widget/widget-profile.php on line 192
[04-Oct-2024 03:50:28 UTC] PHP Warning:  Undefined array key "mediaAlign_left" in /Users/apple/Local Sites/samurai-sample/app/public/wp-content/plugins/vk-all-in-one-expansion-unit/inc/other-widget/widget-profile.php on line 188
[04-Oct-2024 03:50:28 UTC] PHP Warning:  Undefined array key "mediaRound" in /Users/apple/Local Sites/samurai-sample/app/public/wp-content/plugins/vk-all-in-one-expansion-unit/inc/other-widget/widget-profile.php on line 190
[04-Oct-2024 03:50:28 UTC] PHP Warning:  Undefined array key "mediaFloat" in /Users/apple/Local Sites/samurai-sample/app/public/wp-content/plugins/vk-all-in-one-expansion-unit/inc/other-widget/widget-profile.php on line 192
