[16-Aug-2024 13:47:38] NOTICE: fpm is running, pid 3626
[16-Aug-2024 13:47:38] NOTICE: ready to handle connections
[16-Aug-2024 17:38:32] NOTICE: Terminating ...
[16-Aug-2024 17:38:32] NOTICE: Terminating ...
[16-Aug-2024 17:38:32] NOTICE: exiting, bye-bye!
[18-Aug-2024 15:36:05] NOTICE: fpm is running, pid 2556
[18-Aug-2024 15:36:05] NOTICE: ready to handle connections
[18-Aug-2024 16:39:34] NOTICE: Terminating ...
[18-Aug-2024 16:39:34] NOTICE: Terminating ...
[18-Aug-2024 16:39:34] NOTICE: exiting, bye-bye!
[12-Sep-2024 19:29:30] NOTICE: fpm is running, pid 3356
[12-Sep-2024 19:29:30] NOTICE: ready to handle connections
[12-Sep-2024 20:21:40] NOTICE: Terminating ...
[12-Sep-2024 20:21:40] NOTICE: Terminating ...
[12-Sep-2024 20:21:40] NOTICE: exiting, bye-bye!
[23-Sep-2024 05:28:47] NOTICE: fpm is running, pid 4508
[23-Sep-2024 05:28:47] NOTICE: ready to handle connections
[23-Sep-2024 06:55:24] NOTICE: Terminating ...
[23-Sep-2024 06:55:24] NOTICE: Terminating ...
[23-Sep-2024 06:55:24] NOTICE: exiting, bye-bye!
[29-Sep-2024 18:24:54] NOTICE: fpm is running, pid 2276
[29-Sep-2024 18:24:54] NOTICE: ready to handle connections
[29-Sep-2024 19:36:10] NOTICE: Terminating ...
[29-Sep-2024 19:36:10] NOTICE: Terminating ...
[29-Sep-2024 19:36:10] NOTICE: exiting, bye-bye!
[30-Sep-2024 08:49:49] NOTICE: fpm is running, pid 1181
[30-Sep-2024 08:49:49] NOTICE: ready to handle connections
[30-Sep-2024 11:38:38] NOTICE: Terminating ...
[30-Sep-2024 11:38:38] NOTICE: Terminating ...
[30-Sep-2024 11:38:38] NOTICE: exiting, bye-bye!
[30-Sep-2024 12:56:40] NOTICE: fpm is running, pid 2204
[30-Sep-2024 12:56:40] NOTICE: ready to handle connections
[30-Sep-2024 14:00:13] NOTICE: Terminating ...
[30-Sep-2024 14:00:13] NOTICE: Terminating ...
[30-Sep-2024 14:00:13] NOTICE: exiting, bye-bye!
[02-Oct-2024 09:03:45] NOTICE: fpm is running, pid 1863
[02-Oct-2024 09:03:45] NOTICE: ready to handle connections
[02-Oct-2024 16:06:53] NOTICE: Terminating ...
[02-Oct-2024 16:06:53] NOTICE: Terminating ...
[02-Oct-2024 16:06:53] NOTICE: exiting, bye-bye!
[04-Oct-2024 09:29:33] NOTICE: fpm is running, pid 4409
[04-Oct-2024 09:29:33] NOTICE: ready to handle connections
[04-Oct-2024 16:28:55] NOTICE: Terminating ...
[04-Oct-2024 16:28:55] NOTICE: Terminating ...
[04-Oct-2024 16:28:55] NOTICE: exiting, bye-bye!
[04-Oct-2024 19:13:09] NOTICE: fpm is running, pid 1448
[04-Oct-2024 19:13:09] NOTICE: ready to handle connections
[04-Oct-2024 20:34:21] NOTICE: Terminating ...
[04-Oct-2024 20:34:21] NOTICE: Terminating ...
[04-Oct-2024 20:34:21] NOTICE: exiting, bye-bye!
[05-Oct-2024 05:26:42] NOTICE: fpm is running, pid 1245
[05-Oct-2024 05:26:42] NOTICE: ready to handle connections
[05-Oct-2024 06:18:15] NOTICE: Terminating ...
[05-Oct-2024 06:18:15] NOTICE: Terminating ...
[05-Oct-2024 06:18:15] NOTICE: exiting, bye-bye!
